<?xml version="1.0" encoding="UTF-8"?>
<testng-results skipped="0" failed="0" total="1" passed="1">
  <reporter-output>
  </reporter-output>
  <suite name="Suite" duration-ms="15858" started-at="2018-04-27T06:21:42Z" finished-at="2018-04-27T06:21:58Z">
    <groups>
    </groups>
    <test name="Test" duration-ms="15858" started-at="2018-04-27T06:21:42Z" finished-at="2018-04-27T06:21:58Z">
      <class name="scripts.LoginTest">
        <test-method status="PASS" signature="login()[pri:0, instance:scripts.LoginTest@6537cf78]" name="login" duration-ms="15845" started-at="2018-04-27T11:51:42Z" finished-at="2018-04-27T11:51:58Z">
          <reporter-output>
          </reporter-output>
        </test-method> <!-- login -->
      </class> <!-- scripts.LoginTest -->
    </test> <!-- Test -->
  </suite> <!-- Suite -->
</testng-results>
